INFO:root:Webhook Response: {'status': 'webhook worked'}
ERROR:django.request:Internal Server Error: /webhook/
Traceback (most recent call last):
  File "C:\Users\41796\AppData\Local\Programs\Python\Python311\Lib\site-packages\django\core\handlers\exception.py", line 55, in inner
    response = get_response(request)
               ^^^^^^^^^^^^^^^^^^^^^
  File "C:\Users\41796\AppData\Local\Programs\Python\Python311\Lib\site-packages\django\core\handlers\base.py", line 197, in _get_response
    response = wrapped_callback(request, *callback_args, **callback_kwargs)
               ^^^^^^^^^^^^^^^^^^^^^^^^^^^^^^^^^^^^^^^^^^^^^^^^^^^^^^^^^^^^
  File "C:\Users\41796\AppData\Local\Programs\Python\Python311\Lib\site-packages\django\utils\decorators.py", line 46, in _wrapper
    return bound_method(*args, **kwargs)
           ^^^^^^^^^^^^^^^^^^^^^^^^^^^^^
  File "C:\Users\41796\AppData\Local\Programs\Python\Python311\Lib\site-packages\django\views\decorators\csrf.py", line 56, in wrapper_view
    return view_func(*args, **kwargs)
           ^^^^^^^^^^^^^^^^^^^^^^^^^^
  File "C:\Users\41796\AppData\Local\Programs\Python\Python311\Lib\site-packages\django\views\decorators\http.py", line 43, in inner
    return func(request, *args, **kwargs)
           ^^^^^^^^^^^^^^^^^^^^^^^^^^^^^^
  File "C:\Users\41796\Documents\GitHub\Maturaarbeit_TalkingCharacter\OnlineVersion\talkingcharacter\views.py", line 77, in WebhookReceiver
    print(request.text)
          ^^^^^^^^^^^^
AttributeError: 'WSGIRequest' object has no attribute 'text'
INFO:django.utils.autoreload:C:\Users\41796\Documents\GitHub\Maturaarbeit_TalkingCharacter\OnlineVersion\talkingcharacter\views.py changed, reloading.
INFO:root:Webhook Response: {'status': 'webhook worked'}
ERROR:django.request:Internal Server Error: /webhook/
Traceback (most recent call last):
  File "C:\Users\41796\AppData\Local\Programs\Python\Python311\Lib\site-packages\django\core\handlers\exception.py", line 55, in inner
    response = get_response(request)
               ^^^^^^^^^^^^^^^^^^^^^
  File "C:\Users\41796\AppData\Local\Programs\Python\Python311\Lib\site-packages\django\core\handlers\base.py", line 197, in _get_response
    response = wrapped_callback(request, *callback_args, **callback_kwargs)
               ^^^^^^^^^^^^^^^^^^^^^^^^^^^^^^^^^^^^^^^^^^^^^^^^^^^^^^^^^^^^
  File "C:\Users\41796\AppData\Local\Programs\Python\Python311\Lib\site-packages\django\utils\decorators.py", line 46, in _wrapper
    return bound_method(*args, **kwargs)
           ^^^^^^^^^^^^^^^^^^^^^^^^^^^^^
  File "C:\Users\41796\AppData\Local\Programs\Python\Python311\Lib\site-packages\django\views\decorators\csrf.py", line 56, in wrapper_view
    return view_func(*args, **kwargs)
           ^^^^^^^^^^^^^^^^^^^^^^^^^^
  File "C:\Users\41796\AppData\Local\Programs\Python\Python311\Lib\site-packages\django\views\decorators\http.py", line 43, in inner
    return func(request, *args, **kwargs)
           ^^^^^^^^^^^^^^^^^^^^^^^^^^^^^^
  File "C:\Users\41796\Documents\GitHub\Maturaarbeit_TalkingCharacter\OnlineVersion\talkingcharacter\views.py", line 78, in WebhookReceiver
    payload = request.text
              ^^^^^^^^^^^^
AttributeError: 'WSGIRequest' object has no attribute 'text'
INFO:django.utils.autoreload:C:\Users\41796\Documents\GitHub\Maturaarbeit_TalkingCharacter\OnlineVersion\talkingcharacter\views.py changed, reloading.
INFO:root:Webhook Response: {'status': 'webhook worked'}
ERROR:django.request:Internal Server Error: /webhook/
Traceback (most recent call last):
  File "C:\Users\41796\AppData\Local\Programs\Python\Python311\Lib\site-packages\django\core\handlers\exception.py", line 55, in inner
    response = get_response(request)
               ^^^^^^^^^^^^^^^^^^^^^
  File "C:\Users\41796\AppData\Local\Programs\Python\Python311\Lib\site-packages\django\core\handlers\base.py", line 197, in _get_response
    response = wrapped_callback(request, *callback_args, **callback_kwargs)
               ^^^^^^^^^^^^^^^^^^^^^^^^^^^^^^^^^^^^^^^^^^^^^^^^^^^^^^^^^^^^
  File "C:\Users\41796\AppData\Local\Programs\Python\Python311\Lib\site-packages\django\utils\decorators.py", line 46, in _wrapper
    return bound_method(*args, **kwargs)
           ^^^^^^^^^^^^^^^^^^^^^^^^^^^^^
  File "C:\Users\41796\AppData\Local\Programs\Python\Python311\Lib\site-packages\django\views\decorators\csrf.py", line 56, in wrapper_view
    return view_func(*args, **kwargs)
           ^^^^^^^^^^^^^^^^^^^^^^^^^^
  File "C:\Users\41796\AppData\Local\Programs\Python\Python311\Lib\site-packages\django\views\decorators\http.py", line 43, in inner
    return func(request, *args, **kwargs)
           ^^^^^^^^^^^^^^^^^^^^^^^^^^^^^^
  File "C:\Users\41796\Documents\GitHub\Maturaarbeit_TalkingCharacter\OnlineVersion\talkingcharacter\views.py", line 81, in WebhookReceiver
    CharacterView.updateview(link)
TypeError: CharacterView.updateview() missing 1 required positional argument: 'request'
WARNING:django.request:Not Found: /undefined
INFO:django.utils.autoreload:C:\Users\41796\Documents\GitHub\Maturaarbeit_TalkingCharacter\OnlineVersion\talkingcharacter\views.py changed, reloading.
